<?xml version="1.0" encoding="UTF-8"?>
<testsuites tests="1" failures="1" disabled="0" errors="0" time="0.034" timestamp="2025-12-18T11:53:40.639" name="AllTests">
  <testsuite name="RecordingManagerTest" tests="1" failures="1" disabled="0" skipped="0" errors="0" time="0.031" timestamp="2025-12-18T11:53:40.641">
    <testcase name="DeleteRecording" file="C:\Users\chimi\Desktop\Programmazione\Watcher\tests\unit\RecordingManagerTest.cpp" line="88" status="run" result="completed" time="0.025" timestamp="2025-12-18T11:53:40.641" classname="RecordingManagerTest">
      <failure message="C:\Users\chimi\Desktop\Programmazione\Watcher\tests\unit\RecordingManagerTest.cpp:99&#x0A;Value of: info.recording_id.empty()&#x0A;  Actual: false&#x0A;Expected: true&#x0A;" type=""><![CDATA[C:\Users\chimi\Desktop\Programmazione\Watcher\tests\unit\RecordingManagerTest.cpp:99
Value of: info.recording_id.empty()
  Actual: false
Expected: true
]]></failure>
    </testcase>
  </testsuite>
</testsuites>
